[ 3.         0.5203133]
[ 3.          0.46765254]
[ 3.          0.43010833]
[ 3.          0.45681597]
[ 3.          0.45222362]
[ 3.         0.4379445]
[ 4.          0.43749572]
[ 4.          0.42004589]
[ 3.          0.44680579]
[ 3.          0.42425057]
[ 3.          0.44357938]
[ 4.          0.46433331]
[ 3.          0.45304065]
[ 3.          0.42527639]
[ 4.          0.45608132]
[ 3.          0.45504702]
[ 3.          0.43724744]
[ 3.          0.43105132]
[ 3.          0.43718008]
[ 9.          0.39022524]
[ 3.         0.4153613]
[ 4.          0.40886356]
[ 3.          0.42558702]
[ 3.          0.47150299]
[ 4.          0.44905702]
[ 6.          0.39077636]
[ 9.          0.38711435]
[ 3.          0.43306524]
[ 3.          0.45307668]
[ 3.          0.42651682]
best negative sample: 1