This is pdfTeX, Version 3.1415926-2.5-1.40.14 (TeX Live 2013/Debian) (format=pdflatex 2016.6.22)  16 AUG 2016 19:24
entering extended mode
 restricted \write18 enabled.
 %&-line parsing enabled.
**Summary.tex
(./Summary.tex
LaTeX2e <2011/06/27>
Babel <3.9h> and hyphenation patterns for 4 languages loaded.
(/usr/share/texlive/texmf-dist/tex/latex/base/article.cls
Document Class: article 2007/10/19 v1.4h Standard LaTeX document class
(/usr/share/texlive/texmf-dist/tex/latex/base/size11.clo
File: size11.clo 2007/10/19 v1.4h Standard LaTeX file (size option)
)
\c@part=\count79
\c@section=\count80
\c@subsection=\count81
\c@subsubsection=\count82
\c@paragraph=\count83
\c@subparagraph=\count84
\c@figure=\count85
\c@table=\count86
\abovecaptionskip=\skip41
\belowcaptionskip=\skip42
\bibindent=\dimen102
)
(/usr/share/texlive/texmf-dist/tex/latex/graphics/graphicx.sty
Package: graphicx 1999/02/16 v1.0f Enhanced LaTeX Graphics (DPC,SPQR)

(/usr/share/texlive/texmf-dist/tex/latex/graphics/keyval.sty
Package: keyval 1999/03/16 v1.13 key=value parser (DPC)
\KV@toks@=\toks14
)
(/usr/share/texlive/texmf-dist/tex/latex/graphics/graphics.sty
Package: graphics 2009/02/05 v1.0o Standard LaTeX Graphics (DPC,SPQR)

(/usr/share/texlive/texmf-dist/tex/latex/graphics/trig.sty
Package: trig 1999/03/16 v1.09 sin cos tan (DPC)
)
(/usr/share/texlive/texmf-dist/tex/latex/latexconfig/graphics.cfg
File: graphics.cfg 2010/04/23 v1.9 graphics configuration of TeX Live
)
Package graphics Info: Driver file: pdftex.def on input line 91.

(/usr/share/texlive/texmf-dist/tex/latex/pdftex-def/pdftex.def
File: pdftex.def 2011/05/27 v0.06d Graphics/color for pdfTeX

(/usr/share/texlive/texmf-dist/tex/generic/oberdiek/infwarerr.sty
Package: infwarerr 2010/04/08 v1.3 Providing info/warning/error messages (HO)
)
(/usr/share/texlive/texmf-dist/tex/generic/oberdiek/ltxcmds.sty
Package: ltxcmds 2011/11/09 v1.22 LaTeX kernel commands for general use (HO)
)
\Gread@gobject=\count87
))
\Gin@req@height=\dimen103
\Gin@req@width=\dimen104
)
(/usr/share/texlive/texmf-dist/tex/latex/amsmath/amsmath.sty
Package: amsmath 2013/01/14 v2.14 AMS math features
\@mathmargin=\skip43

For additional information on amsmath, use the `?' option.
(/usr/share/texlive/texmf-dist/tex/latex/amsmath/amstext.sty
Package: amstext 2000/06/29 v2.01

(/usr/share/texlive/texmf-dist/tex/latex/amsmath/amsgen.sty
File: amsgen.sty 1999/11/30 v2.0
\@emptytoks=\toks15
\ex@=\dimen105
))
(/usr/share/texlive/texmf-dist/tex/latex/amsmath/amsbsy.sty
Package: amsbsy 1999/11/29 v1.2d
\pmbraise@=\dimen106
)
(/usr/share/texlive/texmf-dist/tex/latex/amsmath/amsopn.sty
Package: amsopn 1999/12/14 v2.01 operator names
)
\inf@bad=\count88
LaTeX Info: Redefining \frac on input line 210.
\uproot@=\count89
\leftroot@=\count90
LaTeX Info: Redefining \overline on input line 306.
\classnum@=\count91
\DOTSCASE@=\count92
LaTeX Info: Redefining \ldots on input line 378.
LaTeX Info: Redefining \dots on input line 381.
LaTeX Info: Redefining \cdots on input line 466.
\Mathstrutbox@=\box26
\strutbox@=\box27
\big@size=\dimen107
LaTeX Font Info:    Redeclaring font encoding OML on input line 566.
LaTeX Font Info:    Redeclaring font encoding OMS on input line 567.
\macc@depth=\count93
\c@MaxMatrixCols=\count94
\dotsspace@=\muskip10
\c@parentequation=\count95
\dspbrk@lvl=\count96
\tag@help=\toks16
\row@=\count97
\column@=\count98
\maxfields@=\count99
\andhelp@=\toks17
\eqnshift@=\dimen108
\alignsep@=\dimen109
\tagshift@=\dimen110
\tagwidth@=\dimen111
\totwidth@=\dimen112
\lineht@=\dimen113
\@envbody=\toks18
\multlinegap=\skip44
\multlinetaggap=\skip45
\mathdisplay@stack=\toks19
LaTeX Info: Redefining \[ on input line 2665.
LaTeX Info: Redefining \] on input line 2666.
)
(/usr/share/texlive/texmf-dist/tex/latex/sidecap/sidecap.sty
Package: sidecap 2003/06/06 v1.6f SideCap Package (RN/HjG)

(/usr/share/texlive/texmf-dist/tex/latex/base/ifthen.sty
Package: ifthen 2001/05/26 v1.1c Standard LaTeX ifthen package (DPC)
)
\SC@BOXWD=\dimen114
\SC@CAPWD=\dimen115
\SC@tempdima=\dimen116
\SC@tempdimb=\dimen117
\c@SC@C=\count100
\SC@BOX=\box28
)
(/usr/share/texlive/texmf-dist/tex/latex/geometry/geometry.sty
Package: geometry 2010/09/12 v5.6 Page Geometry

(/usr/share/texlive/texmf-dist/tex/generic/oberdiek/ifpdf.sty
Package: ifpdf 2011/01/30 v2.3 Provides the ifpdf switch (HO)
Package ifpdf Info: pdfTeX in PDF mode is detected.
)
(/usr/share/texlive/texmf-dist/tex/generic/oberdiek/ifvtex.sty
Package: ifvtex 2010/03/01 v1.5 Detect VTeX and its facilities (HO)
Package ifvtex Info: VTeX not detected.
)
(/usr/share/texlive/texmf-dist/tex/generic/ifxetex/ifxetex.sty
Package: ifxetex 2010/09/12 v0.6 Provides ifxetex conditional
)
\Gm@cnth=\count101
\Gm@cntv=\count102
\c@Gm@tempcnt=\count103
\Gm@bindingoffset=\dimen118
\Gm@wd@mp=\dimen119
\Gm@odd@mp=\dimen120
\Gm@even@mp=\dimen121
\Gm@layoutwidth=\dimen122
\Gm@layoutheight=\dimen123
\Gm@layouthoffset=\dimen124
\Gm@layoutvoffset=\dimen125
\Gm@dimlist=\toks20
) (./acl2015.sty
Conference Style for ACL 2015 -- released December 7, 2014
\titlebox=\skip46
) (/usr/share/texlive/texmf-dist/tex/latex/psnfss/times.sty
Package: times 2005/04/12 PSNFSS-v9.2a (SPQR) 
)
(/usr/share/texlive/texmf-dist/tex/latex/url/url.sty
\Urlmuskip=\muskip11
Package: url 2013/09/16  ver 3.4  Verb mode for urls, etc.
)
(/usr/share/texlive/texmf-dist/tex/latex/base/latexsym.sty
Package: latexsym 1998/08/17 v2.2e Standard LaTeX package (lasy symbols)
\symlasy=\mathgroup4
LaTeX Font Info:    Overwriting symbol font `lasy' in version `bold'
(Font)                  U/lasy/m/n --> U/lasy/b/n on input line 47.
)
(/usr/share/texlive/texmf-dist/tex/latex/fancyref/fancyref.sty
Package: fancyref 1999/02/03 v0.9c Fancy cross-referencing

(/usr/share/texlive/texmf-dist/tex/latex/tools/varioref.sty
Package: varioref 2011/10/02 v1.4z package for extended references (FMi)
\c@vrcnt=\count104
))
(/usr/share/texlive/texmf-dist/tex/latex/caption/subcaption.sty
Package: subcaption 2013/02/03 v1.1-62 Sub-captions (AR)

(/usr/share/texlive/texmf-dist/tex/latex/caption/caption.sty
Package: caption 2013/05/02 v3.3-89 Customizing captions (AR)

(/usr/share/texlive/texmf-dist/tex/latex/caption/caption3.sty
Package: caption3 2013/05/02 v1.6-88 caption3 kernel (AR)
Package caption3 Info: TeX engine: e-TeX on input line 57.
\captionmargin=\dimen126
\captionmargin@=\dimen127
\captionwidth=\dimen128
\caption@tempdima=\dimen129
\caption@indent=\dimen130
\caption@parindent=\dimen131
\caption@hangindent=\dimen132
)
\c@ContinuedFloat=\count105
Package caption Info: sidecap package is loaded.
)
\c@subfigure=\count106
\c@subtable=\count107
) (./Summary.aux)
\openout1 = `Summary.aux'.

LaTeX Font Info:    Checking defaults for OML/cmm/m/it on input line 38.
LaTeX Font Info:    ... okay on input line 38.
LaTeX Font Info:    Checking defaults for T1/cmr/m/n on input line 38.
LaTeX Font Info:    ... okay on input line 38.
LaTeX Font Info:    Checking defaults for OT1/cmr/m/n on input line 38.
LaTeX Font Info:    ... okay on input line 38.
LaTeX Font Info:    Checking defaults for OMS/cmsy/m/n on input line 38.
LaTeX Font Info:    ... okay on input line 38.
LaTeX Font Info:    Checking defaults for OMX/cmex/m/n on input line 38.
LaTeX Font Info:    ... okay on input line 38.
LaTeX Font Info:    Checking defaults for U/cmr/m/n on input line 38.
LaTeX Font Info:    ... okay on input line 38.
LaTeX Font Info:    Try loading font information for OT1+ptm on input line 38.
 (/usr/share/texlive/texmf-dist/tex/latex/psnfss/ot1ptm.fd
File: ot1ptm.fd 2001/06/04 font definitions for OT1/ptm.
)
(/usr/share/texlive/texmf-dist/tex/context/base/supp-pdf.mkii
[Loading MPS to PDF converter (version 2006.09.02).]
\scratchcounter=\count108
\scratchdimen=\dimen133
\scratchbox=\box29
\nofMPsegments=\count109
\nofMParguments=\count110
\everyMPshowfont=\toks21
\MPscratchCnt=\count111
\MPscratchDim=\dimen134
\MPnumerator=\count112
\makeMPintoPDFobject=\count113
\everyMPtoPDFconversion=\toks22
) (/usr/share/texlive/texmf-dist/tex/generic/oberdiek/pdftexcmds.sty
Package: pdftexcmds 2011/11/29 v0.20 Utility functions of pdfTeX for LuaTeX (HO
)

(/usr/share/texlive/texmf-dist/tex/generic/oberdiek/ifluatex.sty
Package: ifluatex 2010/03/01 v1.3 Provides the ifluatex switch (HO)
Package ifluatex Info: LuaTeX not detected.
)
Package pdftexcmds Info: LuaTeX not detected.
Package pdftexcmds Info: \pdf@primitive is available.
Package pdftexcmds Info: \pdf@ifprimitive is available.
Package pdftexcmds Info: \pdfdraftmode found.
)
(/usr/share/texlive/texmf-dist/tex/latex/oberdiek/epstopdf-base.sty
Package: epstopdf-base 2010/02/09 v2.5 Base part for package epstopdf

(/usr/share/texlive/texmf-dist/tex/latex/oberdiek/grfext.sty
Package: grfext 2010/08/19 v1.1 Manage graphics extensions (HO)

(/usr/share/texlive/texmf-dist/tex/generic/oberdiek/kvdefinekeys.sty
Package: kvdefinekeys 2011/04/07 v1.3 Define keys (HO)
))
(/usr/share/texlive/texmf-dist/tex/latex/oberdiek/kvoptions.sty
Package: kvoptions 2011/06/30 v3.11 Key value format for package options (HO)

(/usr/share/texlive/texmf-dist/tex/generic/oberdiek/kvsetkeys.sty
Package: kvsetkeys 2012/04/25 v1.16 Key value parser (HO)

(/usr/share/texlive/texmf-dist/tex/generic/oberdiek/etexcmds.sty
Package: etexcmds 2011/02/16 v1.5 Avoid name clashes with e-TeX commands (HO)
Package etexcmds Info: Could not find \expanded.
(etexcmds)             That can mean that you are not using pdfTeX 1.50 or
(etexcmds)             that some package has redefined \expanded.
(etexcmds)             In the latter case, load this package earlier.
)))
Package grfext Info: Graphics extension search list:
(grfext)             [.png,.pdf,.jpg,.mps,.jpeg,.jbig2,.jb2,.PNG,.PDF,.JPG,.JPE
G,.JBIG2,.JB2,.eps]
(grfext)             \AppendGraphicsExtensions on input line 452.

(/usr/share/texlive/texmf-dist/tex/latex/latexconfig/epstopdf-sys.cfg
File: epstopdf-sys.cfg 2010/07/13 v1.3 Configuration of (r)epstopdf for TeX Liv
e
))
(/usr/share/texlive/texmf-dist/tex/latex/ms/ragged2e.sty
Package: ragged2e 2009/05/21 v2.1 ragged2e Package (MS)

(/usr/share/texlive/texmf-dist/tex/latex/ms/everysel.sty
Package: everysel 2011/10/28 v1.2 EverySelectfont Package (MS)

ABD: EverySelectfont initializing macros
LaTeX Info: Redefining \selectfont on input line 126.
)
\CenteringLeftskip=\skip47
\RaggedLeftLeftskip=\skip48
\RaggedRightLeftskip=\skip49
\CenteringRightskip=\skip50
\RaggedLeftRightskip=\skip51
\RaggedRightRightskip=\skip52
\CenteringParfillskip=\skip53
\RaggedLeftParfillskip=\skip54
\RaggedRightParfillskip=\skip55
\JustifyingParfillskip=\skip56
\CenteringParindent=\skip57
\RaggedLeftParindent=\skip58
\RaggedRightParindent=\skip59
\JustifyingParindent=\skip60
)
*geometry* driver: auto-detecting
*geometry* detected driver: pdftex
*geometry* verbose mode - [ preamble ] result:
* driver: pdftex
* paper: <default>
* layout: <same size as paper>
* layoutoffset:(h,v)=(0.0pt,0.0pt)
* modes: 
* h-part:(L,W,R)=(92.14519pt, 430.00462pt, 92.14519pt)
* v-part:(T,H,B)=(95.39737pt, 556.47656pt, 143.09605pt)
* \paperwidth=597.50787pt
* \paperheight=845.04675pt
* \textwidth=455.24408pt
* \textheight=702.78297pt
* \oddsidemargin=0.0pt
* \evensidemargin=19.8752pt
* \topmargin=-14.22636pt
* \headheight=5.0pt
* \headsep=0.0pt
* \topskip=11.0pt
* \footskip=30.0pt
* \marginparwidth=59.0pt
* \marginparsep=10.0pt
* \columnsep=17.07182pt
* \skip\footins=9.0pt plus 4.0pt minus 2.0pt
* \hoffset=0.0pt
* \voffset=0.0pt
* \mag=1000
* \@twocolumntrue
* \@twosidefalse
* \@mparswitchfalse
* \@reversemarginfalse
* (1in=72.27pt=25.4mm, 1cm=28.453pt)

Package caption Info: Begin \AtBeginDocument code.
Package caption Info: End \AtBeginDocument code.
LaTeX Font Info:    Font shape `OT1/ptm/bx/n' in size <14.4> not available
(Font)              Font shape `OT1/ptm/b/n' tried instead on input line 39.
LaTeX Font Info:    Try loading font information for U+lasy on input line 39.
(/usr/share/texlive/texmf-dist/tex/latex/base/ulasy.fd
File: ulasy.fd 1998/08/17 v2.2e LaTeX symbol font definitions
)
LaTeX Font Info:    Font shape `OT1/ptm/bx/n' in size <12> not available
(Font)              Font shape `OT1/ptm/b/n' tried instead on input line 39.
Missing character: There is no Ã in font ptmr7t!
Missing character: There is no   in font ptmr7t!
LaTeX Font Info:    Try loading font information for OT1+pcr on input line 39.

(/usr/share/texlive/texmf-dist/tex/latex/psnfss/ot1pcr.fd
File: ot1pcr.fd 2001/06/04 font definitions for OT1/pcr.
)
Underfull \hbox (badness 1052) in paragraph at lines 41--44
\OT1/ptm/m/n/10.95 in-creas-ingly im-pacted the way in-di-vid-
 []


Underfull \hbox (badness 1028) in paragraph at lines 41--44
\OT1/ptm/m/n/10.95 recipe rec-om-men-da-tion ser-vices, which
 []


Underfull \hbox (badness 1072) in paragraph at lines 48--52
\OT1/ptm/m/n/10.95 ing amount of recipe data be-ing up-dated on-
 []


Underfull \vbox (badness 10000) has occurred while \output is active []

 [1{/var/lib/texmf/fonts/map/pdftex/updmap/pdftex.map}



]
LaTeX Font Info:    Font shape `OT1/ptm/bx/n' in size <10.95> not available
(Font)              Font shape `OT1/ptm/b/n' tried instead on input line 77.
 [2]
Underfull \hbox (badness 1418) in paragraph at lines 101--102
\OT1/ptm/m/n/10.95 in-gre-di-ent, we ex-ploit the abil-ity of the tool
 []

LaTeX Font Info:    Font shape `OT1/ptm/bx/it' in size <10.95> not available
(Font)              Font shape `OT1/ptm/b/it' tried instead on input line 110.
[3] [4]
Underfull \hbox (badness 1184) in paragraph at lines 247--250
\OT1/ptm/m/n/10.95 the hyper-parameter of the vec-tor train-ing by
 []


Underfull \hbox (badness 1708) in paragraph at lines 251--252
[]$\OMS/cmsy/m/n/10.95 ^^@\OML/cmm/m/it/10.95 cbow$ \OT1/ptm/m/n/10.95 in-di-ca
tes if con-tin-ues bag of word
 []


Underfull \hbox (badness 10000) in paragraph at lines 267--268
[]\OT1/ptm/m/n/10.95 Hence the hyper-parameters for tun-ing
 []


Underfull \hbox (badness 2865) in paragraph at lines 267--268
\OML/cmm/m/it/10.95 n[]clusters$\OT1/ptm/m/n/10.95 . The range of choices for t
he
 []

[5]
LaTeX Font Info:    Try loading font information for OMS+ptm on input line 274.

 (/usr/share/texlive/texmf-dist/tex/latex/psnfss/omsptm.fd
File: omsptm.fd 
)
LaTeX Font Info:    Font shape `OMS/ptm/m/n' in size <10.95> not available
(Font)              Font shape `OMS/cmsy/m/n' tried instead on input line 274.

<dendrogram.png, id=31, 879.285pt x 514.92375pt>
File: dendrogram.png Graphic file (type png)
 <use dendrogram.png>
Package pdftex.def Info: dendrogram.png used on input line 293.
(pdftex.def)             Requested size: 216.81pt x 126.96277pt.

Underfull \hbox (badness 10000) in paragraph at lines 323--323
[]\OT1/ptm/m/n/10.95 Experiment
 []


Underfull \hbox (badness 10000) in paragraph at lines 324--324
[]\OT1/ptm/m/n/10.95 contexts with co-
 []


Underfull \hbox (badness 2443) in paragraph at lines 326--326
[]\OT1/ptm/m/n/10.95 vector con-texts with co-
 []

[6 <./dendrogram.png>]
<figure_compare_vector_size.png, id=35, 578.16pt x 433.62pt>
File: figure_compare_vector_size.png Graphic file (type png)

<use figure_compare_vector_size.png>
Package pdftex.def Info: figure_compare_vector_size.png used on input line 347.

(pdftex.def)             Requested size: 108.405pt x 81.30354pt.

<figure_compare_negative_number.png, id=37, 578.16pt x 433.62pt>
File: figure_compare_negative_number.png Graphic file (type png)

<use figure_compare_negative_number.png>
Package pdftex.def Info: figure_compare_negative_number.png used on input line 
355.
(pdftex.def)             Requested size: 108.405pt x 81.30354pt.

<figure_compare_model.png, id=38, 578.16pt x 433.62pt>
File: figure_compare_model.png Graphic file (type png)

<use figure_compare_model.png>
Package pdftex.def Info: figure_compare_model.png used on input line 362.
(pdftex.def)             Requested size: 108.405pt x 81.30354pt.

Underfull \hbox (badness 1248) in paragraph at lines 372--373
[]\OT1/ptm/m/n/10.95 As can be seen from the graphs, the best
 []


Underfull \hbox (badness 4303) in paragraph at lines 372--373
\OT1/ptm/m/n/10.95 hyper-parameter set-tings are $\OML/cmm/m/it/10.95 size \OT1
/cmr/m/n/10.95 = 100$\OT1/ptm/m/n/10.95 ,
 []

<normalized_similarity_distribution.png, id=39, 578.16pt x 433.62pt>
File: normalized_similarity_distribution.png Graphic file (type png)

<use normalized_similarity_distribution.png>
Package pdftex.def Info: normalized_similarity_distribution.png used on input l
ine 380.
(pdftex.def)             Requested size: 180.67499pt x 135.5059pt.

<angular_similarity_distribution.png, id=40, 578.16pt x 433.62pt>
File: angular_similarity_distribution.png Graphic file (type png)

<use angular_similarity_distribution.png>
Package pdftex.def Info: angular_similarity_distribution.png used on input line
 389.
(pdftex.def)             Requested size: 180.67499pt x 135.5059pt.

<normalized_similarity_by_category.png, id=41, 578.16pt x 433.62pt>
File: normalized_similarity_by_category.png Graphic file (type png)

<use normalized_similarity_by_category.png>
Package pdftex.def Info: normalized_similarity_by_category.png used on input li
ne 399.
(pdftex.def)             Requested size: 180.67499pt x 135.5059pt.


LaTeX Warning: `!h' float specifier changed to `!ht'.

[7 <./figure_compare_vector_size.png> <./figure_compare_negative_number.png> <.
/figure_compare_model.png> <./normalized_similarity_distribution.png> <./angula
r_similarity_distribution.png>]
Overfull \hbox (5.56754pt too wide) in paragraph at lines 415--415
[]\OT1/ptm/m/n/10.95 Experiment
 []


Underfull \hbox (badness 10000) in paragraph at lines 416--416
[]\OT1/ptm/m/n/10.95 Mean
 []


Underfull \hbox (badness 10000) in paragraph at lines 417--417
[]\OT1/ptm/m/n/10.95 Median
 []


Overfull \hbox (5.57405pt too wide) in paragraph at lines 418--418
[]\OT1/ptm/m/n/10.95 Rank$\OML/cmm/m/it/10.95 <\OT1/cmr/m/n/10.95 =$\OT1/ptm/m/
n/10.95 10
 []


Overfull \hbox (1.65971pt too wide) in paragraph at lines 418--418
[]\OT1/ptm/b/n/10.95 51.9%| 
 []


Underfull \hbox (badness 10000) in paragraph at lines 419--419
[]\OT1/ptm/m/n/10.95 Rank=1
 []


Underfull \hbox (badness 10000) in paragraph at lines 420--420
[]\OT1/ptm/m/n/10.95 Mean
 []

Missing character: There is no â in font ptmr7t!
Missing character: There is no € in font ptmr7t!
Missing character: There is no ™ in font ptmr7t!
Missing character: There is no â in font ptmr7t!
Missing character: There is no € in font ptmr7t!
Missing character: There is no “ in font ptmr7t!
Missing character: There is no â in font ptmr7t!
Missing character: There is no € in font ptmr7t!
Missing character: There is no “ in font ptmr7t!
[8 <./normalized_similarity_by_category.png>] [9

] (./Summary.aux) ) 
Here is how much of TeX's memory you used:
 4471 strings out of 494985
 67330 string characters out of 6180356
 137804 words of memory out of 5000000
 7591 multiletter control sequences out of 15000+600000
 26865 words of font info for 59 fonts, out of 8000000 for 9000
 36 hyphenation exceptions out of 8191
 42i,19n,40p,1279b,485s stack positions out of 5000i,500n,10000p,200000b,80000s
{/usr/share/texlive/texmf-dist/fonts/enc/dvips/base/8r.enc}<
/usr/share/texlive/texmf-dist/fonts/type1/public/amsfonts/cm/cmex10.pfb></usr/s
hare/texlive/texmf-dist/fonts/type1/public/amsfonts/cm/cmmi10.pfb></usr/share/t
exlive/texmf-dist/fonts/type1/public/amsfonts/cm/cmmi6.pfb></usr/share/texlive/
texmf-dist/fonts/type1/public/amsfonts/cm/cmmi8.pfb></usr/share/texlive/texmf-d
ist/fonts/type1/public/amsfonts/cm/cmr10.pfb></usr/share/texlive/texmf-dist/fon
ts/type1/public/amsfonts/cm/cmr8.pfb></usr/share/texlive/texmf-dist/fonts/type1
/public/amsfonts/cm/cmsy10.pfb></usr/share/texlive/texmf-dist/fonts/type1/publi
c/amsfonts/cm/cmsy8.pfb></usr/share/texlive/texmf-dist/fonts/type1/urw/courier/
ucrr8a.pfb></usr/share/texlive/texmf-dist/fonts/type1/urw/times/utmb8a.pfb></us
r/share/texlive/texmf-dist/fonts/type1/urw/times/utmbi8a.pfb></usr/share/texliv
e/texmf-dist/fonts/type1/urw/times/utmr8a.pfb></usr/share/texlive/texmf-dist/fo
nts/type1/urw/times/utmri8a.pfb>
Output written on Summary.pdf (9 pages, 374086 bytes).
PDF statistics:
 101 PDF objects out of 1000 (max. 8388607)
 63 compressed objects within 1 object stream
 0 named destinations out of 1000 (max. 500000)
 36 words of extra memory for PDF output out of 10000 (max. 10000000)

