[ 4.          0.51804726]
[ 3.          0.52162497]
[ 4.          0.48140768]
[ 3.          0.50540059]
[ 3.          0.48276988]
[ 4.         0.5007967]
[ 3.          0.51255192]
[ 3.          0.45935344]
[ 3.          0.53274548]
[ 3.          0.49556089]
[ 4.          0.47875583]
[ 3.          0.51580878]
[ 3.          0.51158346]
[ 3.         0.5118281]
[ 3.          0.50942314]
[ 4.          0.48005576]
[ 4.        0.484996]
[ 3.          0.47385408]
[ 3.          0.48259605]
[ 3.          0.50514412]
[ 3.          0.49162743]
[ 3.          0.48858717]
[ 3.          0.50548749]
[ 4.          0.51815151]
[ 3.         0.5106152]
[ 6.          0.40728118]
[ 3.          0.49077072]
[ 3.          0.49439509]
[ 3.          0.50484896]
[ 3.          0.50119244]
[ 4.          0.51804726]
best window size: 11
